<?xml version="1.0" encoding="UTF-8"?>
<testsuite xmlns:xsi="http://www.w3.org/2001/XMLSchema-instance" xsi:noNamespaceSchemaLocation="https://maven.apache.org/surefire/maven-surefire-plugin/xsd/surefire-test-report-3.0.xsd" version="3.0" name="BusinessLayer.BookBOTest" time="0.58" tests="13" errors="0" skipped="0" failures="0">
  <properties>
[...]
</properties>
  <testcase name="createBook_WithValidData_ShouldCallDAL" classname="BusinessLayer.BookBOTest" time="0.516"/>
  <testcase name="readBook_WithExistingId_ShouldReturnBook" classname="BusinessLayer.BookBOTest" time="0.015"/>
  <testcase name="updateBook_WithValidChanges_ShouldReturnUpdatedBook" classname="BusinessLayer.BookBOTest" time="0.002"/>
  <testcase name="deleteBook_WithValidId_ShouldCallDAL" classname="BusinessLayer.BookBOTest" time="0.002"/>
  <testcase name="readBook_WithNonExistingId_ShouldReturnNull" classname="BusinessLayer.BookBOTest" time="0.002"/>
  <testcase name="updateBook_WithNonExistingId_ShouldReturnNull" classname="BusinessLayer.BookBOTest" time="0.002"/>
  <testcase name="createBook_WithNullTitle_ShouldHandleGracefully" classname="BusinessLayer.BookBOTest" time="0.002"/>
  <testcase name="listAll_WhenBooksExist_ShouldReturnAllBooks" classname="BusinessLayer.BookBOTest" time="0.001"/>
  <testcase name="listAll_WhenNoBooks_ShouldReturnEmptyList" classname="BusinessLayer.BookBOTest" time="0.002"/>
  <testcase name="createBook_WithEmptyTitle_ShouldCallDAL" classname="BusinessLayer.BookBOTest" time="0.002"/>
  <testcase name="ecp_ValidTitle_ValidCompiler_ValidEra_ShouldSucceed" classname="BusinessLayer.BookBOTest" time="0.006"/>
  <testcase name="ecp_NullTitle_ValidCompiler_ValidEra_ShouldHandle" classname="BusinessLayer.BookBOTest" time="0.001"/>
  <testcase name="ecp_EmptyTitle_ValidCompiler_ValidEra_ShouldHandle" classname="BusinessLayer.BookBOTest" time="0.001"/>
</testsuite>